apr 15, 2015 1:17:13 PM org.apache.catalina.startup.VersionLoggerListener log
INFO: Server version:        Apache Tomcat/7.0.59
apr 15, 2015 1:17:13 PM org.apache.catalina.startup.VersionLoggerListener log
INFO: Server built:          Jan 28 2015 15:51:10 UTC
apr 15, 2015 1:17:13 PM org.apache.catalina.startup.VersionLoggerListener log
INFO: Server number:         7.0.59.0
apr 15, 2015 1:17:13 PM org.apache.catalina.startup.VersionLoggerListener log
INFO: OS Name:               Windows 8.1
apr 15, 2015 1:17:13 PM org.apache.catalina.startup.VersionLoggerListener log
INFO: OS Version:            6.3
apr 15, 2015 1:17:13 PM org.apache.catalina.startup.VersionLoggerListener log
INFO: Architecture:          amd64
apr 15, 2015 1:17:13 PM org.apache.catalina.startup.VersionLoggerListener log
INFO: Java Home:             C:\Program Files\Java\jdk1.8.0_11\jre
apr 15, 2015 1:17:13 PM org.apache.catalina.startup.VersionLoggerListener log
INFO: JVM Version:           1.8.0_11-b12
apr 15, 2015 1:17:13 PM org.apache.catalina.startup.VersionLoggerListener log
INFO: JVM Vendor:            Oracle Corporation
apr 15, 2015 1:17:13 PM org.apache.catalina.startup.VersionLoggerListener log
INFO: CATALINA_BASE:         C:\Users\Leo\Documents\GitHub\pts4\serverJava\Website\apache-tomcat-7.0.59
apr 15, 2015 1:17:13 PM org.apache.catalina.startup.VersionLoggerListener log
INFO: CATALINA_HOME:         C:\Users\Leo\Documents\GitHub\pts4\serverJava\Website\apache-tomcat-7.0.59
apr 15, 2015 1:17:13 PM org.apache.catalina.startup.VersionLoggerListener log
INFO: Command line argument: -Dhttp.nonProxyHosts=localhost|127.0.0.1|Leo-laptop
apr 15, 2015 1:17:13 PM org.apache.catalina.startup.VersionLoggerListener log
INFO: Command line argument: -Djava.util.logging.config.file=C:\Users\Leo\Documents\GitHub\pts4\serverJava\Website\apache-tomcat-7.0.59\conf\logging.properties
apr 15, 2015 1:17:13 PM org.apache.catalina.startup.VersionLoggerListener log
INFO: Command line argument: -Djava.util.logging.manager=org.apache.juli.ClassLoaderLogManager
apr 15, 2015 1:17:13 PM org.apache.catalina.startup.VersionLoggerListener log
INFO: Command line argument: -Djava.endorsed.dirs=C:\Users\Leo\Documents\GitHub\pts4\serverJava\Website\apache-tomcat-7.0.59\endorsed
apr 15, 2015 1:17:13 PM org.apache.catalina.startup.VersionLoggerListener log
INFO: Command line argument: -Dcatalina.base=C:\Users\Leo\Documents\GitHub\pts4\serverJava\Website\apache-tomcat-7.0.59
apr 15, 2015 1:17:13 PM org.apache.catalina.startup.VersionLoggerListener log
INFO: Command line argument: -Dcatalina.home=C:\Users\Leo\Documents\GitHub\pts4\serverJava\Website\apache-tomcat-7.0.59
apr 15, 2015 1:17:13 PM org.apache.catalina.startup.VersionLoggerListener log
INFO: Command line argument: -Djava.io.tmpdir=C:\Users\Leo\Documents\GitHub\pts4\serverJava\Website\apache-tomcat-7.0.59\temp
apr 15, 2015 1:17:13 PM org.apache.catalina.core.AprLifecycleListener lifecycleEvent
INFO: The APR based Apache Tomcat Native library which allows optimal performance in production environments was not found on the java.library.path: C:\Program Files\Java\jdk1.8.0_11\bin;C:\windows\Sun\Java\bin;C:\windows\system32;C:\windows;C:\Program Files (x86)\NVIDIA Corporation\PhysX\Common;C:\oraclexe\app\oracle\product\11.2.0\server\bin;;C:\ProgramData\Oracle\Java\javapath;C:\Program Files (x86)\Intel\iCLS Client\;C:\Program Files\Intel\iCLS Client\;C:\windows\system32;C:\windows;C:\windows\System32\Wbem;C:\windows\System32\WindowsPowerShell\v1.0\;C:\Program Files\Intel\Intel(R) Management Engine Components\DAL;C:\Program Files\Intel\Intel(R) Management Engine Components\IPT;C:\Program Files (x86)\Intel\Intel(R) Management Engine Components\DAL;C:\Program Files (x86)\Intel\Intel(R) Management Engine Components\IPT;C:\Program Files (x86)\Bitvise SSH Client;C:\Program Files (x86)\Windows Live\Shared;C:\Program Files (x86)\Common Files\Roxio Shared\DLLShared\;C:\Program Files (x86)\Common Files\Roxio Shared\DLLShared\;C:\Program Files (x86)\Common Files\Roxio Shared\13.0\DLLShared\;C:\Program Files (x86)\Windows Kits\8.1\Windows Performance Toolkit\;C:\Program Files\Microsoft SQL Server\110\Tools\Binn\;.
apr 15, 2015 1:17:14 PM org.apache.coyote.AbstractProtocol init
INFO: Initializing ProtocolHandler ["http-bio-8085"]
apr 15, 2015 1:17:14 PM org.apache.coyote.AbstractProtocol init
INFO: Initializing ProtocolHandler ["ajp-bio-8009"]
apr 15, 2015 1:17:14 PM org.apache.catalina.startup.Catalina load
INFO: Initialization processed in 1264 ms
apr 15, 2015 1:17:14 PM org.apache.catalina.core.StandardService startInternal
INFO: Starting service Catalina
apr 15, 2015 1:17:14 PM org.apache.catalina.core.StandardEngine startInternal
INFO: Starting Servlet Engine: Apache Tomcat/7.0.59
apr 15, 2015 1:17:14 PM org.apache.catalina.startup.HostConfig deployDescriptor
INFO: Deploying configuration descriptor C:\Users\Leo\Documents\GitHub\pts4\serverJava\Website\apache-tomcat-7.0.59\conf\Catalina\localhost\IncidentenWebsite.xml
apr 15, 2015 1:17:14 PM org.apache.catalina.core.StandardContext resourcesStart
SEVERE: Error starting static Resources
java.lang.IllegalArgumentException: Document base C:\Users\Indra\Desktop\FHICT\Jaar 2\S4\PTS4\PTS4serverJava\serverJava\Website\IncidentenWebsite\build\web does not exist or is not a readable directory
	at org.apache.naming.resources.FileDirContext.setDocBase(FileDirContext.java:136)
	at org.apache.catalina.core.StandardContext.resourcesStart(StandardContext.java:5141)
	at org.apache.catalina.core.StandardContext.startInternal(StandardContext.java:5326)
	at org.apache.catalina.util.LifecycleBase.start(LifecycleBase.java:150)
	at org.apache.catalina.core.ContainerBase.addChildInternal(ContainerBase.java:901)
	at org.apache.catalina.core.ContainerBase.addChild(ContainerBase.java:877)
	at org.apache.catalina.core.StandardHost.addChild(StandardHost.java:649)
	at org.apache.catalina.startup.HostConfig.deployDescriptor(HostConfig.java:672)
	at org.apache.catalina.startup.HostConfig$DeployDescriptor.run(HostConfig.java:1859)
	at java.util.concurrent.Executors$RunnableAdapter.call(Executors.java:511)
	at java.util.concurrent.FutureTask.run(FutureTask.java:266)
	at java.util.concurrent.ThreadPoolExecutor.runWorker(ThreadPoolExecutor.java:1142)
	at java.util.concurrent.ThreadPoolExecutor$Worker.run(ThreadPoolExecutor.java:617)
	at java.lang.Thread.run(Thread.java:745)

apr 15, 2015 1:17:14 PM org.apache.catalina.core.ContainerBase addChildInternal
SEVERE: ContainerBase.addChild: start: 
org.apache.catalina.LifecycleException: Failed to start component [StandardEngine[Catalina].StandardHost[localhost].StandardContext[/IncidentenWebsite]]
	at org.apache.catalina.util.LifecycleBase.start(LifecycleBase.java:154)
	at org.apache.catalina.core.ContainerBase.addChildInternal(ContainerBase.java:901)
	at org.apache.catalina.core.ContainerBase.addChild(ContainerBase.java:877)
	at org.apache.catalina.core.StandardHost.addChild(StandardHost.java:649)
	at org.apache.catalina.startup.HostConfig.deployDescriptor(HostConfig.java:672)
	at org.apache.catalina.startup.HostConfig$DeployDescriptor.run(HostConfig.java:1859)
	at java.util.concurrent.Executors$RunnableAdapter.call(Executors.java:511)
	at java.util.concurrent.FutureTask.run(FutureTask.java:266)
	at java.util.concurrent.ThreadPoolExecutor.runWorker(ThreadPoolExecutor.java:1142)
	at java.util.concurrent.ThreadPoolExecutor$Worker.run(ThreadPoolExecutor.java:617)
	at java.lang.Thread.run(Thread.java:745)
Caused by: org.apache.catalina.LifecycleException: Error in resourceStart()
	at org.apache.catalina.core.StandardContext.startInternal(StandardContext.java:5327)
	at org.apache.catalina.util.LifecycleBase.start(LifecycleBase.java:150)
	... 10 more

apr 15, 2015 1:17:14 PM org.apache.catalina.startup.HostConfig deployDescriptor
SEVERE: Error deploying configuration descriptor C:\Users\Leo\Documents\GitHub\pts4\serverJava\Website\apache-tomcat-7.0.59\conf\Catalina\localhost\IncidentenWebsite.xml
java.lang.IllegalStateException: ContainerBase.addChild: start: org.apache.catalina.LifecycleException: Failed to start component [StandardEngine[Catalina].StandardHost[localhost].StandardContext[/IncidentenWebsite]]
	at org.apache.catalina.core.ContainerBase.addChildInternal(ContainerBase.java:904)
	at org.apache.catalina.core.ContainerBase.addChild(ContainerBase.java:877)
	at org.apache.catalina.core.StandardHost.addChild(StandardHost.java:649)
	at org.apache.catalina.startup.HostConfig.deployDescriptor(HostConfig.java:672)
	at org.apache.catalina.startup.HostConfig$DeployDescriptor.run(HostConfig.java:1859)
	at java.util.concurrent.Executors$RunnableAdapter.call(Executors.java:511)
	at java.util.concurrent.FutureTask.run(FutureTask.java:266)
	at java.util.concurrent.ThreadPoolExecutor.runWorker(ThreadPoolExecutor.java:1142)
	at java.util.concurrent.ThreadPoolExecutor$Worker.run(ThreadPoolExecutor.java:617)
	at java.lang.Thread.run(Thread.java:745)

apr 15, 2015 1:17:14 PM org.apache.catalina.startup.HostConfig deployDescriptor
INFO: Deployment of configuration descriptor C:\Users\Leo\Documents\GitHub\pts4\serverJava\Website\apache-tomcat-7.0.59\conf\Catalina\localhost\IncidentenWebsite.xml has finished in 120 ms
apr 15, 2015 1:17:14 PM org.apache.catalina.startup.HostConfig deployDirectory
INFO: Deploying web application directory C:\Users\Leo\Documents\GitHub\pts4\serverJava\Website\apache-tomcat-7.0.59\webapps\docs
apr 15, 2015 1:17:15 PM org.apache.catalina.startup.HostConfig deployDirectory
INFO: Deployment of web application directory C:\Users\Leo\Documents\GitHub\pts4\serverJava\Website\apache-tomcat-7.0.59\webapps\docs has finished in 947 ms
apr 15, 2015 1:17:15 PM org.apache.catalina.startup.HostConfig deployDirectory
INFO: Deploying web application directory C:\Users\Leo\Documents\GitHub\pts4\serverJava\Website\apache-tomcat-7.0.59\webapps\examples
apr 15, 2015 1:17:16 PM org.apache.catalina.startup.HostConfig deployDirectory
INFO: Deployment of web application directory C:\Users\Leo\Documents\GitHub\pts4\serverJava\Website\apache-tomcat-7.0.59\webapps\examples has finished in 702 ms
apr 15, 2015 1:17:16 PM org.apache.catalina.startup.HostConfig deployDirectory
INFO: Deploying web application directory C:\Users\Leo\Documents\GitHub\pts4\serverJava\Website\apache-tomcat-7.0.59\webapps\host-manager
apr 15, 2015 1:17:16 PM org.apache.catalina.startup.HostConfig deployDirectory
INFO: Deployment of web application directory C:\Users\Leo\Documents\GitHub\pts4\serverJava\Website\apache-tomcat-7.0.59\webapps\host-manager has finished in 202 ms
apr 15, 2015 1:17:16 PM org.apache.catalina.startup.HostConfig deployDirectory
INFO: Deploying web application directory C:\Users\Leo\Documents\GitHub\pts4\serverJava\Website\apache-tomcat-7.0.59\webapps\manager
apr 15, 2015 1:17:16 PM org.apache.catalina.startup.HostConfig deployDirectory
INFO: Deployment of web application directory C:\Users\Leo\Documents\GitHub\pts4\serverJava\Website\apache-tomcat-7.0.59\webapps\manager has finished in 277 ms
apr 15, 2015 1:17:16 PM org.apache.catalina.startup.HostConfig deployDirectory
INFO: Deploying web application directory C:\Users\Leo\Documents\GitHub\pts4\serverJava\Website\apache-tomcat-7.0.59\webapps\ROOT
apr 15, 2015 1:17:16 PM org.apache.catalina.startup.HostConfig deployDirectory
INFO: Deployment of web application directory C:\Users\Leo\Documents\GitHub\pts4\serverJava\Website\apache-tomcat-7.0.59\webapps\ROOT has finished in 376 ms
apr 15, 2015 1:17:16 PM org.apache.coyote.AbstractProtocol start
INFO: Starting ProtocolHandler ["http-bio-8085"]
apr 15, 2015 1:17:16 PM org.apache.coyote.AbstractProtocol start
INFO: Starting ProtocolHandler ["ajp-bio-8009"]
apr 15, 2015 1:17:16 PM org.apache.catalina.startup.Catalina start
INFO: Server startup in 2780 ms
apr 15, 2015 1:17:18 PM org.apache.catalina.startup.HostConfig undeploy
INFO: Undeploying context [/IncidentenWebsite]
apr 15, 2015 1:17:18 PM org.apache.catalina.startup.HostConfig deployDescriptor
INFO: Deploying configuration descriptor C:\Users\Leo\Documents\GitHub\pts4\serverJava\Website\apache-tomcat-7.0.59\conf\Catalina\localhost\IncidentenWebsite.xml
apr 15, 2015 1:17:18 PM org.apache.catalina.startup.TaglibUriRule body
INFO: TLD skipped. URI: http://java.sun.com/jstl/core_rt is already defined
apr 15, 2015 1:17:18 PM org.apache.catalina.startup.TaglibUriRule body
INFO: TLD skipped. URI: http://java.sun.com/jsp/jstl/core is already defined
apr 15, 2015 1:17:18 PM org.apache.catalina.startup.TaglibUriRule body
INFO: TLD skipped. URI: http://java.sun.com/jstl/fmt_rt is already defined
apr 15, 2015 1:17:18 PM org.apache.catalina.startup.TaglibUriRule body
INFO: TLD skipped. URI: http://java.sun.com/jsp/jstl/fmt is already defined
apr 15, 2015 1:17:18 PM org.apache.catalina.startup.TaglibUriRule body
INFO: TLD skipped. URI: http://java.sun.com/jsp/jstl/functions is already defined
apr 15, 2015 1:17:18 PM org.apache.catalina.startup.TaglibUriRule body
INFO: TLD skipped. URI: http://jakarta.apache.org/taglibs/standard/permittedTaglibs is already defined
apr 15, 2015 1:17:18 PM org.apache.catalina.startup.TaglibUriRule body
INFO: TLD skipped. URI: http://jakarta.apache.org/taglibs/standard/scriptfree is already defined
apr 15, 2015 1:17:18 PM org.apache.catalina.startup.TaglibUriRule body
INFO: TLD skipped. URI: http://java.sun.com/jstl/sql_rt is already defined
apr 15, 2015 1:17:18 PM org.apache.catalina.startup.TaglibUriRule body
INFO: TLD skipped. URI: http://java.sun.com/jsp/jstl/sql is already defined
apr 15, 2015 1:17:18 PM org.apache.catalina.startup.TaglibUriRule body
INFO: TLD skipped. URI: http://java.sun.com/jstl/xml_rt is already defined
apr 15, 2015 1:17:18 PM org.apache.catalina.startup.TaglibUriRule body
INFO: TLD skipped. URI: http://java.sun.com/jsp/jstl/xml is already defined
apr 15, 2015 1:17:18 PM org.apache.catalina.startup.HostConfig deployDescriptor
INFO: Deployment of configuration descriptor C:\Users\Leo\Documents\GitHub\pts4\serverJava\Website\apache-tomcat-7.0.59\conf\Catalina\localhost\IncidentenWebsite.xml has finished in 451 ms
apr 15, 2015 1:17:18 PM org.apache.catalina.util.LifecycleBase start
INFO: The start() method was called on component [StandardEngine[Catalina].StandardHost[localhost].StandardContext[/IncidentenWebsite]] after start() had already been called. The second call will be ignored.
apr 15, 2015 1:19:11 PM org.apache.jasper.compiler.TldLocationsCache tldScanJar
INFO: At least one JAR was scanned for TLDs yet contained no TLDs. Enable debug logging for this logger for a complete list of JARs that were scanned but no TLDs were found in them. Skipping unneeded JARs during scanning can improve startup time and JSP compilation time.
apr 15, 2015 1:20:54 PM org.apache.catalina.core.StandardServer await
INFO: A valid shutdown command was received via the shutdown port. Stopping the Server instance.
apr 15, 2015 1:20:54 PM org.apache.coyote.AbstractProtocol pause
INFO: Pausing ProtocolHandler ["http-bio-8085"]
apr 15, 2015 1:20:54 PM org.apache.coyote.AbstractProtocol pause
INFO: Pausing ProtocolHandler ["ajp-bio-8009"]
apr 15, 2015 1:20:54 PM org.apache.catalina.core.StandardService stopInternal
INFO: Stopping service Catalina
apr 15, 2015 1:20:54 PM org.apache.catalina.loader.WebappClassLoader clearReferencesJdbc
SEVERE: The web application [/IncidentenWebsite] registered the JDBC driver [com.mysql.jdbc.Driver] but failed to unregister it when the web application was stopped. To prevent a memory leak, the JDBC Driver has been forcibly unregistered.
apr 15, 2015 1:20:54 PM org.apache.coyote.AbstractProtocol stop
INFO: Stopping ProtocolHandler ["http-bio-8085"]
apr 15, 2015 1:20:54 PM org.apache.coyote.AbstractProtocol stop
INFO: Stopping ProtocolHandler ["ajp-bio-8009"]
apr 15, 2015 1:20:54 PM org.apache.coyote.AbstractProtocol destroy
INFO: Destroying ProtocolHandler ["http-bio-8085"]
apr 15, 2015 1:20:54 PM org.apache.coyote.AbstractProtocol destroy
INFO: Destroying ProtocolHandler ["ajp-bio-8009"]
